<?xml version="1.0" encoding="UTF-8" ?>
<testsuite tests="6" failures="0" name="com.zakj.swkj.HibernateTest" time="0.737" errors="0" skipped="0">
  <properties>
    <property name="java.runtime.name" value="Java(TM) SE Runtime Environment"/>
    <property name="sun.boot.library.path" value="D:\environment\jdk\jdk1.8.0_211\jre\bin"/>
    <property name="java.vm.version" value="25.211-b12"/>
    <property name="java.vm.vendor" value="Oracle Corporation"/>
    <property name="maven.multiModuleProjectDirectory" value="D:\application\idea_workspace\swkj\swkj-core\swkj-web"/>
    <property name="java.vendor.url" value="http://java.oracle.com/"/>
    <property name="path.separator" value=";"/>
    <property name="guice.disable.misplaced.annotation.check" value="true"/>
    <property name="java.vm.name" value="Java HotSpot(TM) 64-Bit Server VM"/>
    <property name="file.encoding.pkg" value="sun.io"/>
    <property name="user.script" value=""/>
    <property name="user.country" value="CN"/>
    <property name="sun.java.launcher" value="SUN_STANDARD"/>
    <property name="sun.os.patch.level" value=""/>
    <property name="java.vm.specification.name" value="Java Virtual Machine Specification"/>
    <property name="user.dir" value="D:\application\idea_workspace\swkj\swkj-core\swkj-web"/>
    <property name="java.runtime.version" value="1.8.0_211-b12"/>
    <property name="java.awt.graphicsenv" value="sun.awt.Win32GraphicsEnvironment"/>
    <property name="java.endorsed.dirs" value="D:\environment\jdk\jdk1.8.0_211\jre\lib\endorsed"/>
    <property name="os.arch" value="amd64"/>
    <property name="java.io.tmpdir" value="C:\Users\youzhi\AppData\Local\Temp\"/>
    <property name="line.separator" value="
"/>
    <property name="java.vm.specification.vendor" value="Oracle Corporation"/>
    <property name="user.variant" value=""/>
    <property name="os.name" value="Windows 10"/>
    <property name="classworlds.conf" value="D:\application\idea\plugins\maven\lib\maven3\bin\m2.conf"/>
    <property name="sun.jnu.encoding" value="GBK"/>
    <property name="java.library.path" value="D:\environment\jdk\jdk1.8.0_211\bin;C:\Windows\Sun\Java\bin;C:\Windows\system32;C:\Windows;D:\application\xftp\;D:\application\xshell\;C:\Program Files (x86)\Common Files\Oracle\Java\javapath;C:\Windows\system32;C:\Windows;C:\Windows\System32\Wbem;C:\Windows\System32\WindowsPowerShell\v1.0\;C:\Windows\System32\OpenSSH\;C:\Program Files\Intel\WiFi\bin\;C:\Program Files\Common Files\Intel\WirelessCommon\;D:\environment\nodejs\;D:\environment\git\Git\cmd;D:\environment\jdk\jdk1.8.0_211\bin;D:\environment\jdk\jdk1.8.0_211\jre\bin;D:\environment\maven\apache-maven-3.6.1\bin;D:\environment\mysql\mysql-5.6.44-winx64\bin;D:\environment\tomcat\apache-tomcat-8.5.42\bin;D:\environment\tomcat\apache-tomcat-8.5.42\lib;D:\environment\tomcat\apache-tomcat-7.0.94\bin;D:\environment\tomcat\apache-tomcat-7.0.94\lib;C:\Users\youzhi\AppData\Local\Microsoft\WindowsApps;D:\environment\nodejs\node_global;;."/>
    <property name="java.specification.name" value="Java Platform API Specification"/>
    <property name="java.class.version" value="52.0"/>
    <property name="sun.management.compiler" value="HotSpot 64-Bit Tiered Compilers"/>
    <property name="os.version" value="10.0"/>
    <property name="user.home" value="C:\Users\youzhi"/>
    <property name="user.timezone" value="Asia/Shanghai"/>
    <property name="java.awt.printerjob" value="sun.awt.windows.WPrinterJob"/>
    <property name="java.specification.version" value="1.8"/>
    <property name="file.encoding" value="UTF-8"/>
    <property name="user.name" value="youzhi"/>
    <property name="java.class.path" value="D:\application\idea\plugins\maven\lib\maven3\boot\plexus-classworlds-2.5.2.jar;D:\application\idea\lib\idea_rt.jar"/>
    <property name="java.vm.specification.version" value="1.8"/>
    <property name="sun.arch.data.model" value="64"/>
    <property name="java.home" value="D:\environment\jdk\jdk1.8.0_211\jre"/>
    <property name="sun.java.command" value="org.codehaus.classworlds.Launcher -Didea.version2019.1.3 install"/>
    <property name="java.specification.vendor" value="Oracle Corporation"/>
    <property name="user.language" value="zh"/>
    <property name="awt.toolkit" value="sun.awt.windows.WToolkit"/>
    <property name="idea.version2019.1.3" value="true"/>
    <property name="java.vm.info" value="mixed mode"/>
    <property name="java.version" value="1.8.0_211"/>
    <property name="java.ext.dirs" value="D:\environment\jdk\jdk1.8.0_211\jre\lib\ext;C:\Windows\Sun\Java\lib\ext"/>
    <property name="sun.boot.class.path" value="D:\environment\jdk\jdk1.8.0_211\jre\lib\resources.jar;D:\environment\jdk\jdk1.8.0_211\jre\lib\rt.jar;D:\environment\jdk\jdk1.8.0_211\jre\lib\sunrsasign.jar;D:\environment\jdk\jdk1.8.0_211\jre\lib\jsse.jar;D:\environment\jdk\jdk1.8.0_211\jre\lib\jce.jar;D:\environment\jdk\jdk1.8.0_211\jre\lib\charsets.jar;D:\environment\jdk\jdk1.8.0_211\jre\lib\jfr.jar;D:\environment\jdk\jdk1.8.0_211\jre\classes"/>
    <property name="java.vendor" value="Oracle Corporation"/>
    <property name="maven.home" value="D:\application\idea\plugins\maven\lib\maven3"/>
    <property name="file.separator" value="\"/>
    <property name="java.vendor.url.bug" value="http://bugreport.sun.com/bugreport/"/>
    <property name="sun.cpu.endian" value="little"/>
    <property name="sun.io.unicode.encoding" value="UnicodeLittle"/>
    <property name="sun.desktop" value="windows"/>
    <property name="sun.cpu.isalist" value="amd64"/>
  </properties>
  <testcase classname="com.zakj.swkj.HibernateTest" name="test3" time="0.267"/>
  <testcase classname="com.zakj.swkj.HibernateTest" name="test1" time="0.068"/>
  <testcase classname="com.zakj.swkj.HibernateTest" name="test06" time="0.033"/>
  <testcase classname="com.zakj.swkj.HibernateTest" name="test05" time="0.227"/>
  <testcase classname="com.zakj.swkj.HibernateTest" name="test2" time="0.116"/>
  <testcase classname="com.zakj.swkj.HibernateTest" name="test4" time="0.026"/>
</testsuite>